<?xml version="1.0" encoding="utf-8"?><testsuites name="pytest tests"><testsuite name="pytest" errors="0" failures="0" skipped="0" tests="22" time="1.572" timestamp="2026-04-08T05:46:21.973840-07:00" hostname="wifi-10-44-184-182.wifi.berkeley.edu"><testcase classname="tests.unit.test_meaningful_gate_unittest.MeaningfulGateUnitTestCase" name="test_content_quality_accepts_meaningful_text" time="0.001" /><testcase classname="tests.unit.test_meaningful_gate_unittest.MeaningfulGateUnitTestCase" name="test_content_quality_rejects_api_status_wrapper" time="0.000" /><testcase classname="tests.unit.test_meaningful_gate_unittest.MeaningfulGateUnitTestCase" name="test_content_quality_rejects_js_template_shell" time="0.000" /><testcase classname="tests.unit.test_meaningful_gate_unittest.MeaningfulGateUnitTestCase" name="test_content_quality_rejects_link_farm_like" time="0.000" /><testcase classname="tests.unit.test_meaningful_gate_unittest.MeaningfulGateUnitTestCase" name="test_content_quality_rejects_mojibake_garbled" time="0.000" /><testcase classname="tests.unit.test_meaningful_gate_unittest.MeaningfulGateUnitTestCase" name="test_content_quality_rejects_pdf_binary_payload" time="0.000" /><testcase classname="tests.unit.test_meaningful_gate_unittest.MeaningfulGateUnitTestCase" name="test_content_quality_rejects_rss_feed_shell" time="0.000" /><testcase classname="tests.unit.test_meaningful_gate_unittest.MeaningfulGateUnitTestCase" name="test_content_quality_rejects_shell_heavy_after_extraction" time="0.000" /><testcase classname="tests.unit.test_meaningful_gate_unittest.MeaningfulGateUnitTestCase" name="test_content_quality_rejects_shell_signature" time="0.000" /><testcase classname="tests.unit.test_meaningful_gate_unittest.MeaningfulGateUnitTestCase" name="test_content_quality_rejects_too_short_semantic_text" time="0.000" /><testcase classname="tests.unit.test_meaningful_gate_unittest.MeaningfulGateUnitTestCase" name="test_gate_can_be_disabled" time="0.000" /><testcase classname="tests.unit.test_meaningful_gate_unittest.MeaningfulGateUnitTestCase" name="test_gate_decision_to_dict_contains_reason_code" time="0.000" /><testcase classname="tests.unit.test_meaningful_gate_unittest.MeaningfulGateUnitTestCase" name="test_gateplus_snapshot_exposes_blocked_stage" time="0.000" /><testcase classname="tests.unit.test_meaningful_gate_unittest.MeaningfulGateUnitTestCase" name="test_normalize_content_for_ingest_removes_nav_shell_lines_and_keeps_body" time="0.000" /><testcase classname="tests.unit.test_meaningful_gate_unittest.MeaningfulGateUnitTestCase" name="test_normalize_content_for_ingest_removes_noise_lines" time="0.000" /><testcase classname="tests.unit.test_meaningful_gate_unittest.MeaningfulGateUnitTestCase" name="test_normalize_content_for_ingest_strips_jsonld_and_script_shell" time="0.000" /><testcase classname="tests.unit.test_meaningful_gate_unittest.MeaningfulGateUnitTestCase" name="test_normalize_reason_code_generates_stable_snake_case" time="0.000" /><testcase classname="tests.unit.test_meaningful_gate_unittest.MeaningfulGateUnitTestCase" name="test_url_policy_accepts_detail_page" time="0.000" /><testcase classname="tests.unit.test_meaningful_gate_unittest.MeaningfulGateUnitTestCase" name="test_url_policy_blocks_low_value_path" time="0.000" /><testcase classname="tests.unit.test_collect_runtime_process_fallback_unittest.CollectRuntimeProcessFallbackUnitTestCase" name="test_collect_runtime_build_display_meta_maps_new_provider_fields" time="0.000" /><testcase classname="tests.unit.test_collect_runtime_process_fallback_unittest.CollectRuntimeProcessFallbackUnitTestCase" name="test_process_db_job_provider_fallback_consistent_for_info_and_logs" time="0.001" /><testcase classname="tests.unit.test_collect_runtime_process_fallback_unittest.CollectRuntimeProcessFallbackUnitTestCase" name="test_process_skip_reason_prefers_legacy_gate_fields_even_with_gate_plus" time="0.000" /></testsuite></testsuites>